[debug] [2023-01-21T19:10:26.728Z] ----------------------------------------------------------------------
[debug] [2023-01-21T19:10:26.730Z] Command:       C:\Program Files\nodejs\node.exe C:\Users\Owner\AppData\Roaming\npm\node_modules\firebase-tools\lib\bin\firebase.js init
[debug] [2023-01-21T19:10:26.730Z] CLI Version:   11.21.0
[debug] [2023-01-21T19:10:26.730Z] Platform:      win32
[debug] [2023-01-21T19:10:26.730Z] Node Version:  v17.3.0
[debug] [2023-01-21T19:10:26.731Z] Time:          Sat Jan 21 2023 19:10:26 GMT+0000 (Greenwich Mean Time)
[debug] [2023-01-21T19:10:26.731Z] ----------------------------------------------------------------------
[debug] 
[debug] [2023-01-21T19:10:26.734Z] >>> [apiv2][query] GET https://firebase-public.firebaseio.com/cli.json [none]
[debug] [2023-01-21T19:10:26.816Z] > command requires scopes: ["email","openid","https://www.googleapis.com/auth/cloudplatformprojects.readonly","https://www.googleapis.com/auth/firebase","https://www.googleapis.com/auth/cloud-platform"]
[debug] [2023-01-21T19:10:26.816Z] > authorizing via signed-in user (sebastian.somogyi@gmail.com)
[info] 
     ######## #### ########  ######## ########     ###     ######  ########
     ##        ##  ##     ## ##       ##     ##  ##   ##  ##       ##
     ######    ##  ########  ######   ########  #########  ######  ######
     ##        ##  ##    ##  ##       ##     ## ##     ##       ## ##
     ##       #### ##     ## ######## ########  ##     ##  ######  ########

You're about to initialize a Firebase project in this directory:

  F:\progaraming\Mobile Dev\8Ball-app\gmail-clone

[debug] [2023-01-21T19:10:27.107Z] <<< [apiv2][status] GET https://firebase-public.firebaseio.com/cli.json 200
[debug] [2023-01-21T19:10:27.108Z] <<< [apiv2][body] GET https://firebase-public.firebaseio.com/cli.json {"cloudBuildErrorAfter":1594252800000,"cloudBuildWarnAfter":1590019200000,"defaultNode10After":1594252800000,"minVersion":"3.0.5","node8DeploysDisabledAfter":1613390400000,"node8RuntimeDisabledAfter":1615809600000,"node8WarnAfter":1600128000000}
